#-----------------------------------------------------------
# Vivado v2018.3 (64-bit)
# SW Build 2405991 on Thu Dec  6 23:38:27 MST 2018
# IP Build 2404404 on Fri Dec  7 01:43:56 MST 2018
# Start of session at: Mon May 13 17:04:55 2024
# Process ID: 5744
# Current directory: D:/BRUFACE/MA2/S02/advancedDigitalArchi/Ex/lab02/project_4
# Command line: vivado.exe -gui_launcher_event rodinguilauncherevent20680 D:\BRUFACE\MA2\S02\advancedDigitalArchi\Ex\lab02\project_4\project_4.xpr
# Log file: D:/BRUFACE/MA2/S02/advancedDigitalArchi/Ex/lab02/project_4/vivado.log
# Journal file: D:/BRUFACE/MA2/S02/advancedDigitalArchi/Ex/lab02/project_4\vivado.jou
#-----------------------------------------------------------
start_gui
open_project D:/BRUFACE/MA2/S02/advancedDigitalArchi/Ex/lab02/project_4/project_4.xpr
Scanning sources...
Finished scanning sources
INFO: [IP_Flow 19-234] Refreshing IP repositories
INFO: [IP_Flow 19-1704] No user IP repositories specified
INFO: [IP_Flow 19-2313] Loaded Vivado IP repository 'D:/Vivado2018/Vivado/2018.3/data/ip'.
update_compile_order -fileset sources_1
exit
INFO: [Common 17-206] Exiting Vivado at Mon May 13 17:05:25 2024...
