
*** Running vivado
    with args -log PipelineALU.vds -m64 -product Vivado -mode batch -messageDb vivado.pb -notrace -source PipelineALU.tcl


****** Vivado v2018.3 (64-bit)
  **** SW Build 2405991 on Thu Dec  6 23:38:27 MST 2018
  **** IP Build 2404404 on Fri Dec  7 01:43:56 MST 2018
    ** Copyright 1986-2018 Xilinx, Inc. All Rights Reserved.

source PipelineALU.tcl -notrace
Command: synth_design -top PipelineALU -part xc7a35tcpg236-1
Starting synth_design
Attempting to get a license for feature 'Synthesis' and/or device 'xc7a35t'
INFO: [Common 17-349] Got license for feature 'Synthesis' and/or device 'xc7a35t'
INFO: Launching helper process for spawning children vivado processes
INFO: Helper process launched with PID 4164 
---------------------------------------------------------------------------------
Starting RTL Elaboration : Time (s): cpu = 00:00:01 ; elapsed = 00:00:02 . Memory (MB): peak = 365.203 ; gain = 100.320
---------------------------------------------------------------------------------
INFO: [Synth 8-6157] synthesizing module 'PipelineALU' [D:/BRUFACE/MA2/S02/advancedDigitalArchi/Ex/lab03/ALU/ALU.srcs/sources_1/new/PipelineALU.v:23]
INFO: [Synth 8-6157] synthesizing module 'SimpleALU' [D:/BRUFACE/MA2/S02/advancedDigitalArchi/Ex/lab03/ALU/ALU.srcs/sources_1/new/SimpleALU.v:23]
INFO: [Synth 8-226] default block is never used [D:/BRUFACE/MA2/S02/advancedDigitalArchi/Ex/lab03/ALU/ALU.srcs/sources_1/new/SimpleALU.v:34]
INFO: [Synth 8-6155] done synthesizing module 'SimpleALU' (1#1) [D:/BRUFACE/MA2/S02/advancedDigitalArchi/Ex/lab03/ALU/ALU.srcs/sources_1/new/SimpleALU.v:23]
WARNING: [Synth 8-6014] Unused sequential element FF4_out1_reg was removed.  [D:/BRUFACE/MA2/S02/advancedDigitalArchi/Ex/lab03/ALU/ALU.srcs/sources_1/new/PipelineALU.v:104]
INFO: [Synth 8-6155] done synthesizing module 'PipelineALU' (2#1) [D:/BRUFACE/MA2/S02/advancedDigitalArchi/Ex/lab03/ALU/ALU.srcs/sources_1/new/PipelineALU.v:23]
---------------------------------------------------------------------------------
Finished RTL Elaboration : Time (s): cpu = 00:00:01 ; elapsed = 00:00:03 . Memory (MB): peak = 420.996 ; gain = 156.113
---------------------------------------------------------------------------------

Report Check Netlist: 
+------+------------------+-------+---------+-------+------------------+
|      |Item              |Errors |Warnings |Status |Description       |
+------+------------------+-------+---------+-------+------------------+
|1     |multi_driven_nets |      0|        0|Passed |Multi driven nets |
+------+------------------+-------+---------+-------+------------------+
---------------------------------------------------------------------------------
Start Handling Custom Attributes
---------------------------------------------------------------------------------
---------------------------------------------------------------------------------
Finished Handling Custom Attributes : Time (s): cpu = 00:00:01 ; elapsed = 00:00:03 . Memory (MB): peak = 420.996 ; gain = 156.113
---------------------------------------------------------------------------------
---------------------------------------------------------------------------------
Finished RTL Optimization Phase 1 : Time (s): cpu = 00:00:01 ; elapsed = 00:00:03 . Memory (MB): peak = 420.996 ; gain = 156.113
---------------------------------------------------------------------------------
INFO: [Device 21-403] Loading part xc7a35tcpg236-1
INFO: [Project 1-570] Preparing netlist for logic optimization

Processing XDC Constraints
Initializing timing engine
Parsing XDC File [D:/BRUFACE/MA2/S02/advancedDigitalArchi/Ex/lab03/ALU/ALU.srcs/constrs_1/new/seriesALU_cons.xdc]
Finished Parsing XDC File [D:/BRUFACE/MA2/S02/advancedDigitalArchi/Ex/lab03/ALU/ALU.srcs/constrs_1/new/seriesALU_cons.xdc]
Completed Processing XDC Constraints

Netlist sorting complete. Time (s): cpu = 00:00:00 ; elapsed = 00:00:00 . Memory (MB): peak = 749.535 ; gain = 0.000
INFO: [Project 1-111] Unisim Transformation Summary:
No Unisim elements were transformed.

Netlist sorting complete. Time (s): cpu = 00:00:00 ; elapsed = 00:00:00 . Memory (MB): peak = 749.535 ; gain = 0.000
Constraint Validation Runtime : Time (s): cpu = 00:00:00 ; elapsed = 00:00:00.006 . Memory (MB): peak = 749.535 ; gain = 0.000
---------------------------------------------------------------------------------
Finished Constraint Validation : Time (s): cpu = 00:00:05 ; elapsed = 00:00:10 . Memory (MB): peak = 749.535 ; gain = 484.652
---------------------------------------------------------------------------------
---------------------------------------------------------------------------------
Start Loading Part and Timing Information
---------------------------------------------------------------------------------
Loading part: xc7a35tcpg236-1
---------------------------------------------------------------------------------
Finished Loading Part and Timing Information : Time (s): cpu = 00:00:05 ; elapsed = 00:00:10 . Memory (MB): peak = 749.535 ; gain = 484.652
---------------------------------------------------------------------------------
---------------------------------------------------------------------------------
Start Applying 'set_property' XDC Constraints
---------------------------------------------------------------------------------
---------------------------------------------------------------------------------
Finished applying 'set_property' XDC Constraints : Time (s): cpu = 00:00:05 ; elapsed = 00:00:10 . Memory (MB): peak = 749.535 ; gain = 484.652
---------------------------------------------------------------------------------
WARNING: [Synth 8-327] inferring latch for variable 'Dout_reg' [D:/BRUFACE/MA2/S02/advancedDigitalArchi/Ex/lab03/ALU/ALU.srcs/sources_1/new/SimpleALU.v:35]
WARNING: [Synth 8-327] inferring latch for variable 'Cout_reg' [D:/BRUFACE/MA2/S02/advancedDigitalArchi/Ex/lab03/ALU/ALU.srcs/sources_1/new/SimpleALU.v:45]
---------------------------------------------------------------------------------
Finished RTL Optimization Phase 2 : Time (s): cpu = 00:00:06 ; elapsed = 00:00:10 . Memory (MB): peak = 749.535 ; gain = 484.652
---------------------------------------------------------------------------------

Report RTL Partitions: 
+-+--------------+------------+----------+
| |RTL Partition |Replication |Instances |
+-+--------------+------------+----------+
+-+--------------+------------+----------+
---------------------------------------------------------------------------------
Start RTL Component Statistics 
---------------------------------------------------------------------------------
Detailed RTL Component Info : 
+---Adders : 
	   2 Input      9 Bit       Adders := 15    
	   3 Input      9 Bit       Adders := 6     
+---XORs : 
	   2 Input      8 Bit         XORs := 3     
+---Registers : 
	                8 Bit    Registers := 9     
	                1 Bit    Registers := 3     
+---Muxes : 
	   2 Input      8 Bit        Muxes := 12    
	   2 Input      1 Bit        Muxes := 12    
	   8 Input      1 Bit        Muxes := 3     
---------------------------------------------------------------------------------
Finished RTL Component Statistics 
---------------------------------------------------------------------------------
---------------------------------------------------------------------------------
Start RTL Hierarchical Component Statistics 
---------------------------------------------------------------------------------
Hierarchical RTL Component report 
Module PipelineALU 
Detailed RTL Component Info : 
+---Registers : 
	                8 Bit    Registers := 9     
	                1 Bit    Registers := 3     
Module SimpleALU 
Detailed RTL Component Info : 
+---Adders : 
	   2 Input      9 Bit       Adders := 5     
	   3 Input      9 Bit       Adders := 2     
+---XORs : 
	   2 Input      8 Bit         XORs := 1     
+---Muxes : 
	   2 Input      8 Bit        Muxes := 4     
	   2 Input      1 Bit        Muxes := 4     
	   8 Input      1 Bit        Muxes := 1     
---------------------------------------------------------------------------------
Finished RTL Hierarchical Component Statistics
---------------------------------------------------------------------------------
---------------------------------------------------------------------------------
Start Part Resource Summary
---------------------------------------------------------------------------------
Part Resources:
DSPs: 90 (col length:60)
BRAMs: 100 (col length: RAMB18 60 RAMB36 30)
---------------------------------------------------------------------------------
Finished Part Resource Summary
---------------------------------------------------------------------------------
---------------------------------------------------------------------------------
Start Cross Boundary and Area Optimization
---------------------------------------------------------------------------------
Warning: Parallel synthesis criteria is not met 
WARNING: [Synth 8-3332] Sequential element (PipelineALU1/Dout_reg[7]) is unused and will be removed from module PipelineALU.
WARNING: [Synth 8-3332] Sequential element (PipelineALU1/Dout_reg[6]) is unused and will be removed from module PipelineALU.
WARNING: [Synth 8-3332] Sequential element (PipelineALU1/Dout_reg[5]) is unused and will be removed from module PipelineALU.
WARNING: [Synth 8-3332] Sequential element (PipelineALU1/Dout_reg[4]) is unused and will be removed from module PipelineALU.
WARNING: [Synth 8-3332] Sequential element (PipelineALU1/Dout_reg[3]) is unused and will be removed from module PipelineALU.
WARNING: [Synth 8-3332] Sequential element (PipelineALU1/Dout_reg[2]) is unused and will be removed from module PipelineALU.
WARNING: [Synth 8-3332] Sequential element (PipelineALU1/Dout_reg[1]) is unused and will be removed from module PipelineALU.
WARNING: [Synth 8-3332] Sequential element (PipelineALU1/Dout_reg[0]) is unused and will be removed from module PipelineALU.
WARNING: [Synth 8-3332] Sequential element (PipelineALU2/Dout_reg[7]) is unused and will be removed from module PipelineALU.
WARNING: [Synth 8-3332] Sequential element (PipelineALU2/Dout_reg[6]) is unused and will be removed from module PipelineALU.
WARNING: [Synth 8-3332] Sequential element (PipelineALU2/Dout_reg[5]) is unused and will be removed from module PipelineALU.
WARNING: [Synth 8-3332] Sequential element (PipelineALU2/Dout_reg[4]) is unused and will be removed from module PipelineALU.
WARNING: [Synth 8-3332] Sequential element (PipelineALU2/Dout_reg[3]) is unused and will be removed from module PipelineALU.
WARNING: [Synth 8-3332] Sequential element (PipelineALU2/Dout_reg[2]) is unused and will be removed from module PipelineALU.
WARNING: [Synth 8-3332] Sequential element (PipelineALU2/Dout_reg[1]) is unused and will be removed from module PipelineALU.
WARNING: [Synth 8-3332] Sequential element (PipelineALU2/Dout_reg[0]) is unused and will be removed from module PipelineALU.
WARNING: [Synth 8-3332] Sequential element (PipelineALU3/Dout_reg[7]) is unused and will be removed from module PipelineALU.
WARNING: [Synth 8-3332] Sequential element (PipelineALU3/Dout_reg[6]) is unused and will be removed from module PipelineALU.
WARNING: [Synth 8-3332] Sequential element (PipelineALU3/Dout_reg[5]) is unused and will be removed from module PipelineALU.
WARNING: [Synth 8-3332] Sequential element (PipelineALU3/Dout_reg[4]) is unused and will be removed from module PipelineALU.
WARNING: [Synth 8-3332] Sequential element (PipelineALU3/Dout_reg[3]) is unused and will be removed from module PipelineALU.
WARNING: [Synth 8-3332] Sequential element (PipelineALU3/Dout_reg[2]) is unused and will be removed from module PipelineALU.
WARNING: [Synth 8-3332] Sequential element (PipelineALU3/Dout_reg[1]) is unused and will be removed from module PipelineALU.
WARNING: [Synth 8-3332] Sequential element (PipelineALU3/Dout_reg[0]) is unused and will be removed from module PipelineALU.
---------------------------------------------------------------------------------
Finished Cross Boundary and Area Optimization : Time (s): cpu = 00:00:06 ; elapsed = 00:00:11 . Memory (MB): peak = 749.535 ; gain = 484.652
---------------------------------------------------------------------------------

Report RTL Partitions: 
+-+--------------+------------+----------+
| |RTL Partition |Replication |Instances |
+-+--------------+------------+----------+
+-+--------------+------------+----------+
---------------------------------------------------------------------------------
Start Applying XDC Timing Constraints
---------------------------------------------------------------------------------
---------------------------------------------------------------------------------
Finished Applying XDC Timing Constraints : Time (s): cpu = 00:00:11 ; elapsed = 00:00:18 . Memory (MB): peak = 749.535 ; gain = 484.652
---------------------------------------------------------------------------------
---------------------------------------------------------------------------------
Start Timing Optimization
---------------------------------------------------------------------------------
---------------------------------------------------------------------------------
Finished Timing Optimization : Time (s): cpu = 00:00:11 ; elapsed = 00:00:18 . Memory (MB): peak = 770.871 ; gain = 505.988
---------------------------------------------------------------------------------

Report RTL Partitions: 
+-+--------------+------------+----------+
| |RTL Partition |Replication |Instances |
+-+--------------+------------+----------+
+-+--------------+------------+----------+
---------------------------------------------------------------------------------
Start Technology Mapping
---------------------------------------------------------------------------------
---------------------------------------------------------------------------------
Finished Technology Mapping : Time (s): cpu = 00:00:11 ; elapsed = 00:00:19 . Memory (MB): peak = 770.871 ; gain = 505.988
---------------------------------------------------------------------------------

Report RTL Partitions: 
+-+--------------+------------+----------+
| |RTL Partition |Replication |Instances |
+-+--------------+------------+----------+
+-+--------------+------------+----------+
---------------------------------------------------------------------------------
Start IO Insertion
---------------------------------------------------------------------------------
---------------------------------------------------------------------------------
Start Flattening Before IO Insertion
---------------------------------------------------------------------------------
---------------------------------------------------------------------------------
Finished Flattening Before IO Insertion
---------------------------------------------------------------------------------
---------------------------------------------------------------------------------
Start Final Netlist Cleanup
---------------------------------------------------------------------------------
---------------------------------------------------------------------------------
Finished Final Netlist Cleanup
---------------------------------------------------------------------------------
---------------------------------------------------------------------------------
Finished IO Insertion : Time (s): cpu = 00:00:12 ; elapsed = 00:00:19 . Memory (MB): peak = 770.871 ; gain = 505.988
---------------------------------------------------------------------------------

Report Check Netlist: 
+------+------------------+-------+---------+-------+------------------+
|      |Item              |Errors |Warnings |Status |Description       |
+------+------------------+-------+---------+-------+------------------+
|1     |multi_driven_nets |      0|        0|Passed |Multi driven nets |
+------+------------------+-------+---------+-------+------------------+
---------------------------------------------------------------------------------
Start Renaming Generated Instances
---------------------------------------------------------------------------------
---------------------------------------------------------------------------------
Finished Renaming Generated Instances : Time (s): cpu = 00:00:12 ; elapsed = 00:00:19 . Memory (MB): peak = 770.871 ; gain = 505.988
---------------------------------------------------------------------------------

Report RTL Partitions: 
+-+--------------+------------+----------+
| |RTL Partition |Replication |Instances |
+-+--------------+------------+----------+
+-+--------------+------------+----------+
---------------------------------------------------------------------------------
Start Rebuilding User Hierarchy
---------------------------------------------------------------------------------
---------------------------------------------------------------------------------
Finished Rebuilding User Hierarchy : Time (s): cpu = 00:00:12 ; elapsed = 00:00:19 . Memory (MB): peak = 770.871 ; gain = 505.988
---------------------------------------------------------------------------------
---------------------------------------------------------------------------------
Start Renaming Generated Ports
---------------------------------------------------------------------------------
---------------------------------------------------------------------------------
Finished Renaming Generated Ports : Time (s): cpu = 00:00:12 ; elapsed = 00:00:19 . Memory (MB): peak = 770.871 ; gain = 505.988
---------------------------------------------------------------------------------
---------------------------------------------------------------------------------
Start Handling Custom Attributes
---------------------------------------------------------------------------------
---------------------------------------------------------------------------------
Finished Handling Custom Attributes : Time (s): cpu = 00:00:12 ; elapsed = 00:00:19 . Memory (MB): peak = 770.871 ; gain = 505.988
---------------------------------------------------------------------------------
---------------------------------------------------------------------------------
Start Renaming Generated Nets
---------------------------------------------------------------------------------
---------------------------------------------------------------------------------
Finished Renaming Generated Nets : Time (s): cpu = 00:00:12 ; elapsed = 00:00:19 . Memory (MB): peak = 770.871 ; gain = 505.988
---------------------------------------------------------------------------------
---------------------------------------------------------------------------------
Start Writing Synthesis Report
---------------------------------------------------------------------------------

Report BlackBoxes: 
+-+--------------+----------+
| |BlackBox name |Instances |
+-+--------------+----------+
+-+--------------+----------+

Report Cell Usage: 
+------+-------+------+
|      |Cell   |Count |
+------+-------+------+
|1     |BUFG   |     1|
|2     |CARRY4 |    45|
|3     |LUT2   |   123|
|4     |LUT4   |    15|
|5     |LUT5   |    39|
|6     |LUT6   |    84|
|7     |FDCE   |    75|
|8     |LD     |     3|
|9     |IBUF   |    38|
|10    |OBUF   |    11|
+------+-------+------+

Report Instance Areas: 
+------+---------------+------------+------+
|      |Instance       |Module      |Cells |
+------+---------------+------------+------+
|1     |top            |            |   434|
|2     |  PipelineALU1 |SimpleALU   |    60|
|3     |  PipelineALU2 |SimpleALU_0 |    60|
|4     |  PipelineALU3 |SimpleALU_1 |    60|
+------+---------------+------------+------+
---------------------------------------------------------------------------------
Finished Writing Synthesis Report : Time (s): cpu = 00:00:12 ; elapsed = 00:00:19 . Memory (MB): peak = 770.871 ; gain = 505.988
---------------------------------------------------------------------------------
Synthesis finished with 0 errors, 0 critical warnings and 26 warnings.
Synthesis Optimization Runtime : Time (s): cpu = 00:00:08 ; elapsed = 00:00:15 . Memory (MB): peak = 770.871 ; gain = 177.449
Synthesis Optimization Complete : Time (s): cpu = 00:00:12 ; elapsed = 00:00:19 . Memory (MB): peak = 770.871 ; gain = 505.988
INFO: [Project 1-571] Translating synthesized netlist
INFO: [Netlist 29-17] Analyzing 48 Unisim elements for replacement
INFO: [Netlist 29-28] Unisim Transformation completed in 0 CPU seconds
INFO: [Project 1-570] Preparing netlist for logic optimization
INFO: [Opt 31-138] Pushed 0 inverter(s) to 0 load pin(s).
Netlist sorting complete. Time (s): cpu = 00:00:00 ; elapsed = 00:00:00 . Memory (MB): peak = 770.871 ; gain = 0.000
INFO: [Project 1-111] Unisim Transformation Summary:
  A total of 3 instances were transformed.
  LD => LDCE: 3 instances

INFO: [Common 17-83] Releasing license: Synthesis
16 Infos, 27 Warnings, 0 Critical Warnings and 0 Errors encountered.
synth_design completed successfully
synth_design: Time (s): cpu = 00:00:14 ; elapsed = 00:00:21 . Memory (MB): peak = 770.871 ; gain = 518.320
Netlist sorting complete. Time (s): cpu = 00:00:00 ; elapsed = 00:00:00 . Memory (MB): peak = 770.871 ; gain = 0.000
WARNING: [Constraints 18-5210] No constraints selected for write.
Resolution: This message can indicate that there are no constraints for the design, or it can indicate that the used_in flags are set such that the constraints are ignored. This later case is used when running synth_design to not write synthesis constraints to the resulting checkpoint. Instead, project constraints are read when the synthesized design is opened.
INFO: [Common 17-1381] The checkpoint 'D:/BRUFACE/MA2/S02/advancedDigitalArchi/Ex/lab03/ALU/ALU.runs/synth_1/PipelineALU.dcp' has been generated.
INFO: [runtcl-4] Executing : report_utilization -file PipelineALU_utilization_synth.rpt -pb PipelineALU_utilization_synth.pb
INFO: [Common 17-206] Exiting Vivado at Mon May 13 22:43:11 2024...
