#-----------------------------------------------------------
# Vivado v2018.3 (64-bit)
# SW Build 2405991 on Thu Dec  6 23:38:27 MST 2018
# IP Build 2404404 on Fri Dec  7 01:43:56 MST 2018
# Start of session at: Fri May  3 19:18:58 2024
# Process ID: 10796
# Current directory: D:/BRUFACE/MA2/S02/advancedDigitalArchi/Ex/lab01/Lab01_21
# Command line: vivado.exe -gui_launcher_event rodinguilauncherevent16380 D:\BRUFACE\MA2\S02\advancedDigitalArchi\Ex\lab01\Lab01_21\Lab01_21.xpr
# Log file: D:/BRUFACE/MA2/S02/advancedDigitalArchi/Ex/lab01/Lab01_21/vivado.log
# Journal file: D:/BRUFACE/MA2/S02/advancedDigitalArchi/Ex/lab01/Lab01_21\vivado.jou
#-----------------------------------------------------------
start_gui
open_project D:/BRUFACE/MA2/S02/advancedDigitalArchi/Ex/lab01/Lab01_21/Lab01_21.xpr
Scanning sources...
Finished scanning sources
INFO: [IP_Flow 19-234] Refreshing IP repositories
INFO: [IP_Flow 19-1704] No user IP repositories specified
INFO: [IP_Flow 19-2313] Loaded Vivado IP repository 'D:/Vivado2018/Vivado/2018.3/data/ip'.
open_project: Time (s): cpu = 00:00:06 ; elapsed = 00:00:06 . Memory (MB): peak = 751.547 ; gain = 146.258
update_compile_order -fileset sources_1
open_run synth_1 -name synth_1
Design is defaulting to impl run constrset: constrs_1
Design is defaulting to synth run part: xc7a35tcpg236-1
INFO: [Project 1-479] Netlist was created with Vivado 2018.3
INFO: [Device 21-403] Loading part xc7a35tcpg236-1
INFO: [Project 1-570] Preparing netlist for logic optimization
INFO: [Opt 31-138] Pushed 0 inverter(s) to 0 load pin(s).
Netlist sorting complete. Time (s): cpu = 00:00:00 ; elapsed = 00:00:00 . Memory (MB): peak = 1006.387 ; gain = 0.000
INFO: [Project 1-111] Unisim Transformation Summary:
No Unisim elements were transformed.

open_run: Time (s): cpu = 00:00:10 ; elapsed = 00:00:10 . Memory (MB): peak = 1152.555 ; gain = 391.391
report_utilization -name utilization_1
open_run impl_1
INFO: [Project 1-479] Netlist was created with Vivado 2018.3
INFO: [Project 1-570] Preparing netlist for logic optimization
Reading XDEF placement.
Reading placer database...
Reading XDEF routing.
Read XDEF File: Time (s): cpu = 00:00:00 ; elapsed = 00:00:00.076 . Memory (MB): peak = 1691.094 ; gain = 0.207
Restored from archive | CPU: 0.000000 secs | Memory: 0.000000 MB |
Finished XDEF File Restore: Time (s): cpu = 00:00:00 ; elapsed = 00:00:00.077 . Memory (MB): peak = 1691.094 ; gain = 0.207
Netlist sorting complete. Time (s): cpu = 00:00:00 ; elapsed = 00:00:00 . Memory (MB): peak = 1691.117 ; gain = 0.000
INFO: [Project 1-111] Unisim Transformation Summary:
No Unisim elements were transformed.

WARNING: [Timing 38-313] There are no user specified timing constraints. Timing constraints are needed for proper timing analysis.
report_utilization -name utilization_1
exit
INFO: [Common 17-206] Exiting Vivado at Fri May  3 22:05:24 2024...
