#-----------------------------------------------------------
# Vivado v2018.3 (64-bit)
# SW Build 2405991 on Thu Dec  6 23:38:27 MST 2018
# IP Build 2404404 on Fri Dec  7 01:43:56 MST 2018
# Start of session at: Mon May  6 14:40:13 2024
# Process ID: 1204
# Current directory: D:/BRUFACE/MA2/S02/advancedDigitalArchi/Ex/lab01/Lab01_21
# Command line: vivado.exe -gui_launcher_event rodinguilauncherevent11404 D:\BRUFACE\MA2\S02\advancedDigitalArchi\Ex\lab01\Lab01_21\Lab01_21.xpr
# Log file: D:/BRUFACE/MA2/S02/advancedDigitalArchi/Ex/lab01/Lab01_21/vivado.log
# Journal file: D:/BRUFACE/MA2/S02/advancedDigitalArchi/Ex/lab01/Lab01_21\vivado.jou
#-----------------------------------------------------------
start_gui
open_project D:/BRUFACE/MA2/S02/advancedDigitalArchi/Ex/lab01/Lab01_21/Lab01_21.xpr
Scanning sources...
Finished scanning sources
INFO: [IP_Flow 19-234] Refreshing IP repositories
INFO: [IP_Flow 19-1704] No user IP repositories specified
INFO: [IP_Flow 19-2313] Loaded Vivado IP repository 'D:/Vivado2018/Vivado/2018.3/data/ip'.
update_compile_order -fileset sources_1
launch_simulation -mode post-implementation -type functional
INFO: [Vivado 12-5682] Launching post-implementation functional simulation in 'D:/BRUFACE/MA2/S02/advancedDigitalArchi/Ex/lab01/Lab01_21/Lab01_21.sim/sim_1/impl/func/xsim'
INFO: [SIM-utils-51] Simulation object is 'sim_1'
INFO: [Project 1-479] Netlist was created with Vivado 2018.3
INFO: [Device 21-403] Loading part xc7a35tcpg236-1
INFO: [Project 1-570] Preparing netlist for logic optimization
Reading XDEF placement.
Reading placer database...
Reading XDEF routing.
Read XDEF File: Time (s): cpu = 00:00:00 ; elapsed = 00:00:00.037 . Memory (MB): peak = 1030.641 ; gain = 0.137
Restored from archive | CPU: 0.000000 secs | Memory: 0.000000 MB |
Finished XDEF File Restore: Time (s): cpu = 00:00:00 ; elapsed = 00:00:00.038 . Memory (MB): peak = 1030.641 ; gain = 0.137
Netlist sorting complete. Time (s): cpu = 00:00:00 ; elapsed = 00:00:00 . Memory (MB): peak = 1030.676 ; gain = 0.000
INFO: [Project 1-111] Unisim Transformation Summary:
No Unisim elements were transformed.

open_run: Time (s): cpu = 00:00:08 ; elapsed = 00:00:09 . Memory (MB): peak = 1156.500 ; gain = 377.207
INFO: [SIM-utils-31] Writing simulation netlist file for design 'impl_1'...
INFO: [SIM-utils-32] write_verilog -mode funcsim -nolib -force -file "D:/BRUFACE/MA2/S02/advancedDigitalArchi/Ex/lab01/Lab01_21/Lab01_21.sim/sim_1/impl/func/xsim/tb_top_level_func_impl.v"
INFO: [SIM-utils-36] Netlist generated:D:/BRUFACE/MA2/S02/advancedDigitalArchi/Ex/lab01/Lab01_21/Lab01_21.sim/sim_1/impl/func/xsim/tb_top_level_func_impl.v
INFO: [SIM-utils-54] Inspecting design source files for 'tb_top_level' in fileset 'sim_1'...
INFO: [USF-XSim-2] XSim::Compile design
INFO: [USF-XSim-61] Executing 'COMPILE and ANALYZE' step in 'D:/BRUFACE/MA2/S02/advancedDigitalArchi/Ex/lab01/Lab01_21/Lab01_21.sim/sim_1/impl/func/xsim'
"xvlog --incr --relax -prj tb_top_level_vlog.prj"
INFO: [VRFC 10-2263] Analyzing Verilog file "D:/BRUFACE/MA2/S02/advancedDigitalArchi/Ex/lab01/Lab01_21/Lab01_21.sim/sim_1/impl/func/xsim/tb_top_level_func_impl.v" into library xil_defaultlib
INFO: [VRFC 10-311] analyzing module CC_11
INFO: [VRFC 10-311] analyzing module CC_11_0
INFO: [VRFC 10-311] analyzing module CC_11_1
INFO: [VRFC 10-311] analyzing module top_level
INFO: [VRFC 10-311] analyzing module glbl
INFO: [VRFC 10-2263] Analyzing Verilog file "D:/BRUFACE/MA2/S02/advancedDigitalArchi/Ex/lab01/Lab01_21/Lab01_21.srcs/sim_1/new/tb_top_level.v" into library xil_defaultlib
INFO: [VRFC 10-311] analyzing module tb_top_level
INFO: [USF-XSim-69] 'compile' step finished in '1' seconds
INFO: [USF-XSim-3] XSim::Elaborate design
INFO: [USF-XSim-61] Executing 'ELABORATE' step in 'D:/BRUFACE/MA2/S02/advancedDigitalArchi/Ex/lab01/Lab01_21/Lab01_21.sim/sim_1/impl/func/xsim'
Vivado Simulator 2018.3
Copyright 1986-1999, 2001-2018 Xilinx, Inc. All Rights Reserved.
Running: D:/Vivado2018/Vivado/2018.3/bin/unwrapped/win64.o/xelab.exe -wto 6e77505deea3491cac9cdfbc972735e1 --incr --debug typical --relax --mt 2 -L xil_defaultlib -L unisims_ver -L secureip --snapshot tb_top_level_func_impl xil_defaultlib.tb_top_level xil_defaultlib.glbl -log elaborate.log 
Using 2 slave threads.
Starting static elaboration
Completed static elaboration
Starting simulation data flow analysis
Completed simulation data flow analysis
Time Resolution for simulation is 1ps
Compiling module unisims_ver.x_lut3_mux8
Compiling module unisims_ver.LUT3
Compiling module xil_defaultlib.CC_11
Compiling module xil_defaultlib.CC_11_0
Compiling module xil_defaultlib.CC_11_1
Compiling module unisims_ver.IBUF
Compiling module unisims_ver.OBUF
Compiling module xil_defaultlib.top_level
Compiling module xil_defaultlib.tb_top_level
Compiling module xil_defaultlib.glbl
Built simulation snapshot tb_top_level_func_impl

****** Webtalk v2018.3 (64-bit)
  **** SW Build 2405991 on Thu Dec  6 23:38:27 MST 2018
  **** IP Build 2404404 on Fri Dec  7 01:43:56 MST 2018
    ** Copyright 1986-2018 Xilinx, Inc. All Rights Reserved.

source D:/BRUFACE/MA2/S02/advancedDigitalArchi/Ex/lab01/Lab01_21/Lab01_21.sim/sim_1/impl/func/xsim/xsim.dir/tb_top_level_func_impl/webtalk/xsim_webtalk.tcl -notrace
INFO: [Common 17-206] Exiting Webtalk at Mon May  6 14:40:53 2024...
INFO: [USF-XSim-69] 'elaborate' step finished in '4' seconds
INFO: [USF-XSim-4] XSim::Simulate design
INFO: [USF-XSim-61] Executing 'SIMULATE' step in 'D:/BRUFACE/MA2/S02/advancedDigitalArchi/Ex/lab01/Lab01_21/Lab01_21.sim/sim_1/impl/func/xsim'
INFO: [USF-XSim-98] *** Running xsim
   with args "tb_top_level_func_impl -key {Post-Implementation:sim_1:Functional:tb_top_level} -tclbatch {tb_top_level.tcl} -log {simulate.log}"
INFO: [USF-XSim-8] Loading simulator feature
Vivado Simulator 2018.3
Time resolution is 1 ps
source tb_top_level.tcl
# set curr_wave [current_wave_config]
# if { [string length $curr_wave] == 0 } {
#   if { [llength [get_objects]] > 0} {
#     add_wave /
#     set_property needs_save false [current_wave_config]
#   } else {
#      send_msg_id Add_Wave-1 WARNING "No top level signals found. Simulator will start without a wave window. If you want to open a wave window go to 'File->New Waveform Configuration' or type 'create_wave_config' in the TCL console."
#   }
# }
# run 1000ns
INFO: [USF-XSim-96] XSim completed. Design snapshot 'tb_top_level_func_impl' loaded.
INFO: [USF-XSim-97] XSim simulation ran for 1000ns
launch_simulation: Time (s): cpu = 00:00:17 ; elapsed = 00:00:18 . Memory (MB): peak = 1437.965 ; gain = 658.672
launch_simulation -mode post-implementation -type timing
INFO: [Vivado 12-5682] Launching post-implementation timing simulation in 'D:/BRUFACE/MA2/S02/advancedDigitalArchi/Ex/lab01/Lab01_21/Lab01_21.sim/sim_1/impl/timing/xsim'
INFO: [SIM-utils-51] Simulation object is 'sim_1'
INFO: [SIM-utils-31] Writing simulation netlist file for design 'impl_1'...
INFO: [SIM-utils-32] write_verilog -mode timesim -nolib -sdf_anno true -force -file "D:/BRUFACE/MA2/S02/advancedDigitalArchi/Ex/lab01/Lab01_21/Lab01_21.sim/sim_1/impl/timing/xsim/tb_top_level_time_impl.v"
INFO: [SIM-utils-34] Writing SDF file...
INFO: [SIM-utils-35] write_sdf -mode timesim -process_corner slow -force -file "D:/BRUFACE/MA2/S02/advancedDigitalArchi/Ex/lab01/Lab01_21/Lab01_21.sim/sim_1/impl/timing/xsim/tb_top_level_time_impl.sdf"
INFO: [SIM-utils-36] Netlist generated:D:/BRUFACE/MA2/S02/advancedDigitalArchi/Ex/lab01/Lab01_21/Lab01_21.sim/sim_1/impl/timing/xsim/tb_top_level_time_impl.v
INFO: [SIM-utils-37] SDF generated:D:/BRUFACE/MA2/S02/advancedDigitalArchi/Ex/lab01/Lab01_21/Lab01_21.sim/sim_1/impl/timing/xsim/tb_top_level_time_impl.sdf
INFO: [SIM-utils-54] Inspecting design source files for 'tb_top_level' in fileset 'sim_1'...
INFO: [USF-XSim-2] XSim::Compile design
INFO: [USF-XSim-61] Executing 'COMPILE and ANALYZE' step in 'D:/BRUFACE/MA2/S02/advancedDigitalArchi/Ex/lab01/Lab01_21/Lab01_21.sim/sim_1/impl/timing/xsim'
"xvlog --incr --relax -prj tb_top_level_vlog.prj"
INFO: [VRFC 10-2263] Analyzing Verilog file "D:/BRUFACE/MA2/S02/advancedDigitalArchi/Ex/lab01/Lab01_21/Lab01_21.sim/sim_1/impl/timing/xsim/tb_top_level_time_impl.v" into library xil_defaultlib
INFO: [VRFC 10-311] analyzing module CC_11
INFO: [VRFC 10-311] analyzing module CC_11_0
INFO: [VRFC 10-311] analyzing module CC_11_1
INFO: [VRFC 10-311] analyzing module top_level
INFO: [VRFC 10-311] analyzing module glbl
INFO: [VRFC 10-2263] Analyzing Verilog file "D:/BRUFACE/MA2/S02/advancedDigitalArchi/Ex/lab01/Lab01_21/Lab01_21.srcs/sim_1/new/tb_top_level.v" into library xil_defaultlib
INFO: [VRFC 10-311] analyzing module tb_top_level
INFO: [USF-XSim-69] 'compile' step finished in '1' seconds
INFO: [USF-XSim-3] XSim::Elaborate design
INFO: [USF-XSim-61] Executing 'ELABORATE' step in 'D:/BRUFACE/MA2/S02/advancedDigitalArchi/Ex/lab01/Lab01_21/Lab01_21.sim/sim_1/impl/timing/xsim'
Vivado Simulator 2018.3
Copyright 1986-1999, 2001-2018 Xilinx, Inc. All Rights Reserved.
Running: D:/Vivado2018/Vivado/2018.3/bin/unwrapped/win64.o/xelab.exe -wto 6e77505deea3491cac9cdfbc972735e1 --incr --debug typical --relax --mt 2 --maxdelay -L xil_defaultlib -L simprims_ver -L secureip --snapshot tb_top_level_time_impl -transport_int_delays -pulse_r 0 -pulse_int_r 0 -pulse_e 0 -pulse_int_e 0 xil_defaultlib.tb_top_level xil_defaultlib.glbl -log elaborate.log 
Using 2 slave threads.
Starting static elaboration
Completed static elaboration
Starting simulation data flow analysis
Completed simulation data flow analysis
INFO: [XSIM 43-3451] SDF backannotation process started with SDF file "tb_top_level_time_impl.sdf", for root module "tb_top_level/top_level_test".
INFO: [XSIM 43-3452] SDF backannotation was successful for SDF file "tb_top_level_time_impl.sdf", for root module "tb_top_level/top_level_test".
Time Resolution for simulation is 1ps
Compiling module simprims_ver.x_lut3_mux8
Compiling module simprims_ver.LUT3
Compiling module xil_defaultlib.CC_11
Compiling module xil_defaultlib.CC_11_0
Compiling module xil_defaultlib.CC_11_1
Compiling module simprims_ver.IBUF
Compiling module simprims_ver.OBUF
Compiling module xil_defaultlib.top_level
Compiling module xil_defaultlib.tb_top_level
Compiling module xil_defaultlib.glbl
Built simulation snapshot tb_top_level_time_impl

****** Webtalk v2018.3 (64-bit)
  **** SW Build 2405991 on Thu Dec  6 23:38:27 MST 2018
  **** IP Build 2404404 on Fri Dec  7 01:43:56 MST 2018
    ** Copyright 1986-2018 Xilinx, Inc. All Rights Reserved.

source D:/BRUFACE/MA2/S02/advancedDigitalArchi/Ex/lab01/Lab01_21/Lab01_21.sim/sim_1/impl/timing/xsim/xsim.dir/tb_top_level_time_impl/webtalk/xsim_webtalk.tcl -notrace
INFO: [Common 17-206] Exiting Webtalk at Mon May  6 14:41:46 2024...
INFO: [USF-XSim-69] 'elaborate' step finished in '2' seconds
INFO: [USF-XSim-4] XSim::Simulate design
INFO: [USF-XSim-61] Executing 'SIMULATE' step in 'D:/BRUFACE/MA2/S02/advancedDigitalArchi/Ex/lab01/Lab01_21/Lab01_21.sim/sim_1/impl/timing/xsim'
INFO: [USF-XSim-98] *** Running xsim
   with args "tb_top_level_time_impl -key {Post-Implementation:sim_1:Timing:tb_top_level} -tclbatch {tb_top_level.tcl} -log {simulate.log}"
INFO: [USF-XSim-8] Loading simulator feature
Vivado Simulator 2018.3
Time resolution is 1 ps
source tb_top_level.tcl
# set curr_wave [current_wave_config]
# if { [string length $curr_wave] == 0 } {
#   if { [llength [get_objects]] > 0} {
#     add_wave /
#     set_property needs_save false [current_wave_config]
#   } else {
#      send_msg_id Add_Wave-1 WARNING "No top level signals found. Simulator will start without a wave window. If you want to open a wave window go to 'File->New Waveform Configuration' or type 'create_wave_config' in the TCL console."
#   }
# }
# run 1000ns
INFO: [USF-XSim-96] XSim completed. Design snapshot 'tb_top_level_time_impl' loaded.
INFO: [USF-XSim-97] XSim simulation ran for 1000ns
launch_simulation: Time (s): cpu = 00:00:01 ; elapsed = 00:00:06 . Memory (MB): peak = 1647.469 ; gain = 2.820
launch_simulation -mode post-synthesis -type timing
INFO: [Vivado 12-5682] Launching post-synthesis timing simulation in 'D:/BRUFACE/MA2/S02/advancedDigitalArchi/Ex/lab01/Lab01_21/Lab01_21.sim/sim_1/synth/timing/xsim'
INFO: [SIM-utils-51] Simulation object is 'sim_1'
Design is defaulting to impl run constrset: constrs_1
Design is defaulting to synth run part: xc7a35tcpg236-1
INFO: [Project 1-479] Netlist was created with Vivado 2018.3
INFO: [Project 1-570] Preparing netlist for logic optimization
INFO: [Opt 31-138] Pushed 0 inverter(s) to 0 load pin(s).
Netlist sorting complete. Time (s): cpu = 00:00:00 ; elapsed = 00:00:00 . Memory (MB): peak = 1743.773 ; gain = 0.000
INFO: [Project 1-111] Unisim Transformation Summary:
No Unisim elements were transformed.

INFO: [SIM-utils-24] Writing simulation netlist file for design 'synth_1'...
INFO: [SIM-utils-25] write_verilog -mode timesim -nolib -sdf_anno true -force -file "D:/BRUFACE/MA2/S02/advancedDigitalArchi/Ex/lab01/Lab01_21/Lab01_21.sim/sim_1/synth/timing/xsim/tb_top_level_time_synth.v"
INFO: [SIM-utils-27] Writing SDF file...
INFO: [SIM-utils-28] write_sdf -mode timesim -process_corner slow -force -file "D:/BRUFACE/MA2/S02/advancedDigitalArchi/Ex/lab01/Lab01_21/Lab01_21.sim/sim_1/synth/timing/xsim/tb_top_level_time_synth.sdf"
INFO: [SIM-utils-36] Netlist generated:D:/BRUFACE/MA2/S02/advancedDigitalArchi/Ex/lab01/Lab01_21/Lab01_21.sim/sim_1/synth/timing/xsim/tb_top_level_time_synth.v
INFO: [SIM-utils-37] SDF generated:D:/BRUFACE/MA2/S02/advancedDigitalArchi/Ex/lab01/Lab01_21/Lab01_21.sim/sim_1/synth/timing/xsim/tb_top_level_time_synth.sdf
INFO: [SIM-utils-54] Inspecting design source files for 'tb_top_level' in fileset 'sim_1'...
INFO: [USF-XSim-2] XSim::Compile design
INFO: [USF-XSim-61] Executing 'COMPILE and ANALYZE' step in 'D:/BRUFACE/MA2/S02/advancedDigitalArchi/Ex/lab01/Lab01_21/Lab01_21.sim/sim_1/synth/timing/xsim'
"xvlog --incr --relax -prj tb_top_level_vlog.prj"
INFO: [VRFC 10-2263] Analyzing Verilog file "D:/BRUFACE/MA2/S02/advancedDigitalArchi/Ex/lab01/Lab01_21/Lab01_21.sim/sim_1/synth/timing/xsim/tb_top_level_time_synth.v" into library xil_defaultlib
INFO: [VRFC 10-311] analyzing module CC_11
INFO: [VRFC 10-311] analyzing module CC_11_0
INFO: [VRFC 10-311] analyzing module CC_11_1
INFO: [VRFC 10-311] analyzing module top_level
INFO: [VRFC 10-311] analyzing module glbl
INFO: [VRFC 10-2263] Analyzing Verilog file "D:/BRUFACE/MA2/S02/advancedDigitalArchi/Ex/lab01/Lab01_21/Lab01_21.srcs/sim_1/new/tb_top_level.v" into library xil_defaultlib
INFO: [VRFC 10-311] analyzing module tb_top_level
INFO: [USF-XSim-69] 'compile' step finished in '1' seconds
INFO: [USF-XSim-3] XSim::Elaborate design
INFO: [USF-XSim-61] Executing 'ELABORATE' step in 'D:/BRUFACE/MA2/S02/advancedDigitalArchi/Ex/lab01/Lab01_21/Lab01_21.sim/sim_1/synth/timing/xsim'
Vivado Simulator 2018.3
Copyright 1986-1999, 2001-2018 Xilinx, Inc. All Rights Reserved.
Running: D:/Vivado2018/Vivado/2018.3/bin/unwrapped/win64.o/xelab.exe -wto 6e77505deea3491cac9cdfbc972735e1 --incr --debug typical --relax --mt 2 --maxdelay -L xil_defaultlib -L simprims_ver -L secureip --snapshot tb_top_level_time_synth -transport_int_delays -pulse_r 0 -pulse_int_r 0 -pulse_e 0 -pulse_int_e 0 xil_defaultlib.tb_top_level xil_defaultlib.glbl -log elaborate.log 
Using 2 slave threads.
Starting static elaboration
Completed static elaboration
Starting simulation data flow analysis
Completed simulation data flow analysis
INFO: [XSIM 43-3451] SDF backannotation process started with SDF file "tb_top_level_time_synth.sdf", for root module "tb_top_level/top_level_test".
INFO: [XSIM 43-3452] SDF backannotation was successful for SDF file "tb_top_level_time_synth.sdf", for root module "tb_top_level/top_level_test".
Time Resolution for simulation is 1ps
Compiling module simprims_ver.x_lut3_mux8
Compiling module simprims_ver.LUT3
Compiling module xil_defaultlib.CC_11
Compiling module xil_defaultlib.CC_11_0
Compiling module xil_defaultlib.CC_11_1
Compiling module simprims_ver.IBUF
Compiling module simprims_ver.OBUF
Compiling module xil_defaultlib.top_level
Compiling module xil_defaultlib.tb_top_level
Compiling module xil_defaultlib.glbl
Built simulation snapshot tb_top_level_time_synth

****** Webtalk v2018.3 (64-bit)
  **** SW Build 2405991 on Thu Dec  6 23:38:27 MST 2018
  **** IP Build 2404404 on Fri Dec  7 01:43:56 MST 2018
    ** Copyright 1986-2018 Xilinx, Inc. All Rights Reserved.

source D:/BRUFACE/MA2/S02/advancedDigitalArchi/Ex/lab01/Lab01_21/Lab01_21.sim/sim_1/synth/timing/xsim/xsim.dir/tb_top_level_time_synth/webtalk/xsim_webtalk.tcl -notrace
INFO: [Common 17-206] Exiting Webtalk at Mon May  6 14:43:17 2024...
INFO: [USF-XSim-69] 'elaborate' step finished in '3' seconds
INFO: [USF-XSim-4] XSim::Simulate design
INFO: [USF-XSim-61] Executing 'SIMULATE' step in 'D:/BRUFACE/MA2/S02/advancedDigitalArchi/Ex/lab01/Lab01_21/Lab01_21.sim/sim_1/synth/timing/xsim'
INFO: [USF-XSim-98] *** Running xsim
   with args "tb_top_level_time_synth -key {Post-Synthesis:sim_1:Timing:tb_top_level} -tclbatch {tb_top_level.tcl} -log {simulate.log}"
INFO: [USF-XSim-8] Loading simulator feature
Vivado Simulator 2018.3
Time resolution is 1 ps
source tb_top_level.tcl
# set curr_wave [current_wave_config]
# if { [string length $curr_wave] == 0 } {
#   if { [llength [get_objects]] > 0} {
#     add_wave /
#     set_property needs_save false [current_wave_config]
#   } else {
#      send_msg_id Add_Wave-1 WARNING "No top level signals found. Simulator will start without a wave window. If you want to open a wave window go to 'File->New Waveform Configuration' or type 'create_wave_config' in the TCL console."
#   }
# }
# run 1000ns
INFO: [USF-XSim-96] XSim completed. Design snapshot 'tb_top_level_time_synth' loaded.
INFO: [USF-XSim-97] XSim simulation ran for 1000ns
launch_simulation: Time (s): cpu = 00:00:04 ; elapsed = 00:00:10 . Memory (MB): peak = 1860.051 ; gain = 185.695
close_sim
INFO: [Simtcl 6-16] Simulation closed
current_sim simulation_2
close_sim
INFO: [Simtcl 6-16] Simulation closed
close_sim
INFO: [Simtcl 6-16] Simulation closed
exit
INFO: [Common 17-206] Exiting Vivado at Mon May  6 15:24:12 2024...
