#-----------------------------------------------------------
# Vivado v2018.3 (64-bit)
# SW Build 2405991 on Thu Dec  6 23:38:27 MST 2018
# IP Build 2404404 on Fri Dec  7 01:43:56 MST 2018
# Start of session at: Fri May  3 22:29:29 2024
# Process ID: 16236
# Current directory: D:/BRUFACE/MA2/S02/advancedDigitalArchi/Ex/lab01/Lab01_21
# Command line: vivado.exe -gui_launcher_event rodinguilauncherevent7940 D:\BRUFACE\MA2\S02\advancedDigitalArchi\Ex\lab01\Lab01_21\Lab01_21.xpr
# Log file: D:/BRUFACE/MA2/S02/advancedDigitalArchi/Ex/lab01/Lab01_21/vivado.log
# Journal file: D:/BRUFACE/MA2/S02/advancedDigitalArchi/Ex/lab01/Lab01_21\vivado.jou
#-----------------------------------------------------------
start_gui
open_project D:/BRUFACE/MA2/S02/advancedDigitalArchi/Ex/lab01/Lab01_21/Lab01_21.xpr
Scanning sources...
Finished scanning sources
INFO: [IP_Flow 19-234] Refreshing IP repositories
INFO: [IP_Flow 19-1704] No user IP repositories specified
INFO: [IP_Flow 19-2313] Loaded Vivado IP repository 'D:/Vivado2018/Vivado/2018.3/data/ip'.
update_compile_order -fileset sources_1
exit
INFO: [Common 17-206] Exiting Vivado at Fri May  3 22:30:35 2024...
