Copyright 1986-2018 Xilinx, Inc. All Rights Reserved.
------------------------------------------------------------------------------------
| Tool Version : Vivado v.2018.3 (win64) Build 2405991 Thu Dec  6 23:38:27 MST 2018
| Date         : Wed May 22 14:38:16 2024
| Host         : HanBao running 64-bit major release  (build 9200)
| Command      : report_control_sets -verbose -file caCell_control_sets_placed.rpt
| Design       : caCell
| Device       : xc7a35t
------------------------------------------------------------------------------------

Control Set Information

Table of Contents
-----------------
1. Summary
2. Histogram
3. Flip-Flop Distribution
4. Detailed Control Set Information

1. Summary
----------

+----------------------------------------------------------+-------+
|                          Status                          | Count |
+----------------------------------------------------------+-------+
| Number of unique control sets                            |     3 |
| Unused register locations in slices containing registers |    21 |
+----------------------------------------------------------+-------+


2. Histogram
------------

+--------+--------------+
| Fanout | Control Sets |
+--------+--------------+
|      1 |            3 |
+--------+--------------+


3. Flip-Flop Distribution
-------------------------

+--------------+-----------------------+------------------------+-----------------+--------------+
| Clock Enable | Synchronous Set/Reset | Asynchronous Set/Reset | Total Registers | Total Slices |
+--------------+-----------------------+------------------------+-----------------+--------------+
| No           | No                    | No                     |               0 |            0 |
| No           | No                    | Yes                    |               2 |            2 |
| No           | Yes                   | No                     |               1 |            1 |
| Yes          | No                    | No                     |               0 |            0 |
| Yes          | No                    | Yes                    |               0 |            0 |
| Yes          | Yes                   | No                     |               0 |            0 |
+--------------+-----------------------+------------------------+-----------------+--------------+


4. Detailed Control Set Information
-----------------------------------

+-------------------------------+---------------+------------------------------+------------------+----------------+
|          Clock Signal         | Enable Signal |       Set/Reset Signal       | Slice Load Count | Bel Load Count |
+-------------------------------+---------------+------------------------------+------------------+----------------+
|  currentState_reg_LDC_i_1_n_0 |               | currentState_reg_LDC_i_2_n_0 |                1 |              1 |
|  clk_IBUF_BUFG                |               | currentState_reg_LDC_i_1_n_0 |                1 |              1 |
|  clk_IBUF_BUFG                |               | currentState_reg_LDC_i_2_n_0 |                1 |              1 |
+-------------------------------+---------------+------------------------------+------------------+----------------+


