#-----------------------------------------------------------
# Vivado v2018.3 (64-bit)
# SW Build 2405991 on Thu Dec  6 23:38:27 MST 2018
# IP Build 2404404 on Fri Dec  7 01:43:56 MST 2018
# Start of session at: Mon May 13 15:31:41 2024
# Process ID: 9268
# Current directory: D:/BRUFACE/MA2/S02/advancedDigitalArchi/Ex/lab02/project_2
# Command line: vivado.exe -gui_launcher_event rodinguilauncherevent12688 D:\BRUFACE\MA2\S02\advancedDigitalArchi\Ex\lab02\project_2\project_2.xpr
# Log file: D:/BRUFACE/MA2/S02/advancedDigitalArchi/Ex/lab02/project_2/vivado.log
# Journal file: D:/BRUFACE/MA2/S02/advancedDigitalArchi/Ex/lab02/project_2\vivado.jou
#-----------------------------------------------------------
start_gui
open_project D:/BRUFACE/MA2/S02/advancedDigitalArchi/Ex/lab02/project_2/project_2.xpr
Scanning sources...
Finished scanning sources
INFO: [IP_Flow 19-234] Refreshing IP repositories
INFO: [IP_Flow 19-1704] No user IP repositories specified
INFO: [IP_Flow 19-2313] Loaded Vivado IP repository 'D:/Vivado2018/Vivado/2018.3/data/ip'.
open_project: Time (s): cpu = 00:00:07 ; elapsed = 00:00:11 . Memory (MB): peak = 705.336 ; gain = 116.137
update_compile_order -fileset sources_1
exit
INFO: [Common 17-206] Exiting Vivado at Mon May 13 15:36:02 2024...
