#-----------------------------------------------------------
# Vivado v2018.3 (64-bit)
# SW Build 2405991 on Thu Dec  6 23:38:27 MST 2018
# IP Build 2404404 on Fri Dec  7 01:43:56 MST 2018
# Start of session at: Thu May  2 21:13:23 2024
# Process ID: 23292
# Current directory: D:/BRUFACE/MA2/S02/advancedDigitalArchi/Ex/lab02/project_1
# Command line: vivado.exe -gui_launcher_event rodinguilauncherevent20932 D:\BRUFACE\MA2\S02\advancedDigitalArchi\Ex\lab02\project_1\project_1.xpr
# Log file: D:/BRUFACE/MA2/S02/advancedDigitalArchi/Ex/lab02/project_1/vivado.log
# Journal file: D:/BRUFACE/MA2/S02/advancedDigitalArchi/Ex/lab02/project_1\vivado.jou
#-----------------------------------------------------------
start_gui
open_project D:/BRUFACE/MA2/S02/advancedDigitalArchi/Ex/lab02/project_1/project_1.xpr
Scanning sources...
Finished scanning sources
INFO: [IP_Flow 19-234] Refreshing IP repositories
INFO: [IP_Flow 19-1704] No user IP repositories specified
INFO: [IP_Flow 19-2313] Loaded Vivado IP repository 'D:/Vivado2018/Vivado/2018.3/data/ip'.
update_compile_order -fileset sources_1
launch_simulation
INFO: [Vivado 12-5682] Launching behavioral simulation in 'D:/BRUFACE/MA2/S02/advancedDigitalArchi/Ex/lab02/project_1/project_1.sim/sim_1/behav/xsim'
INFO: [SIM-utils-51] Simulation object is 'sim_1'
INFO: [SIM-utils-54] Inspecting design source files for 'tb_shiftReg' in fileset 'sim_1'...
INFO: [USF-XSim-97] Finding global include files...
INFO: [USF-XSim-98] Fetching design files from 'sim_1'...
INFO: [USF-XSim-2] XSim::Compile design
INFO: [USF-XSim-61] Executing 'COMPILE and ANALYZE' step in 'D:/BRUFACE/MA2/S02/advancedDigitalArchi/Ex/lab02/project_1/project_1.sim/sim_1/behav/xsim'
"xvlog --incr --relax -prj tb_shiftReg_vlog.prj"
INFO: [USF-XSim-69] 'compile' step finished in '1' seconds
INFO: [USF-XSim-3] XSim::Elaborate design
INFO: [USF-XSim-61] Executing 'ELABORATE' step in 'D:/BRUFACE/MA2/S02/advancedDigitalArchi/Ex/lab02/project_1/project_1.sim/sim_1/behav/xsim'
Vivado Simulator 2018.3
Copyright 1986-1999, 2001-2018 Xilinx, Inc. All Rights Reserved.
Running: D:/Vivado2018/Vivado/2018.3/bin/unwrapped/win64.o/xelab.exe -wto c4a9ae52be5c4724a52bc73e53f0793b --incr --debug typical --relax --mt 2 -L xil_defaultlib -L unisims_ver -L unimacro_ver -L secureip --snapshot tb_shiftReg_behav xil_defaultlib.tb_shiftReg xil_defaultlib.glbl -log elaborate.log 
Using 2 slave threads.
Starting static elaboration
Completed static elaboration
INFO: [XSIM 43-4323] No Change in HDL. Linking previously generated obj files to create kernel
INFO: [USF-XSim-69] 'elaborate' step finished in '1' seconds
INFO: [USF-XSim-4] XSim::Simulate design
INFO: [USF-XSim-61] Executing 'SIMULATE' step in 'D:/BRUFACE/MA2/S02/advancedDigitalArchi/Ex/lab02/project_1/project_1.sim/sim_1/behav/xsim'
INFO: [USF-XSim-98] *** Running xsim
   with args "tb_shiftReg_behav -key {Behavioral:sim_1:Functional:tb_shiftReg} -tclbatch {tb_shiftReg.tcl} -log {simulate.log}"
INFO: [USF-XSim-8] Loading simulator feature
Vivado Simulator 2018.3
Time resolution is 1 ps
source tb_shiftReg.tcl
# set curr_wave [current_wave_config]
# if { [string length $curr_wave] == 0 } {
#   if { [llength [get_objects]] > 0} {
#     add_wave /
#     set_property needs_save false [current_wave_config]
#   } else {
#      send_msg_id Add_Wave-1 WARNING "No top level signals found. Simulator will start without a wave window. If you want to open a wave window go to 'File->New Waveform Configuration' or type 'create_wave_config' in the TCL console."
#   }
# }
# run 1000ns
INFO: [USF-XSim-96] XSim completed. Design snapshot 'tb_shiftReg_behav' loaded.
INFO: [USF-XSim-97] XSim simulation ran for 1000ns
launch_simulation: Time (s): cpu = 00:00:02 ; elapsed = 00:00:06 . Memory (MB): peak = 774.496 ; gain = 1.867
run 300 ns
synth_design -rtl -name rtl_1
Command: synth_design -rtl -name rtl_1
Starting synth_design
Using part: xc7a35tcpg236-1
Top: shiftReg
---------------------------------------------------------------------------------
Starting RTL Elaboration : Time (s): cpu = 00:00:02 ; elapsed = 00:00:02 . Memory (MB): peak = 869.176 ; gain = 84.617
---------------------------------------------------------------------------------
INFO: [Synth 8-6157] synthesizing module 'shiftReg' [D:/BRUFACE/MA2/S02/advancedDigitalArchi/Ex/lab02/project_1/project_1.srcs/sim_1/new/shiftReg.v:23]
	Parameter regWidth bound to: 8 - type: integer 
INFO: [Synth 8-6155] done synthesizing module 'shiftReg' (1#1) [D:/BRUFACE/MA2/S02/advancedDigitalArchi/Ex/lab02/project_1/project_1.srcs/sim_1/new/shiftReg.v:23]
---------------------------------------------------------------------------------
Finished RTL Elaboration : Time (s): cpu = 00:00:02 ; elapsed = 00:00:02 . Memory (MB): peak = 899.719 ; gain = 115.160
---------------------------------------------------------------------------------

Report Check Netlist: 
+------+------------------+-------+---------+-------+------------------+
|      |Item              |Errors |Warnings |Status |Description       |
+------+------------------+-------+---------+-------+------------------+
|1     |multi_driven_nets |      0|        0|Passed |Multi driven nets |
+------+------------------+-------+---------+-------+------------------+
---------------------------------------------------------------------------------
Start Handling Custom Attributes
---------------------------------------------------------------------------------
---------------------------------------------------------------------------------
Finished Handling Custom Attributes : Time (s): cpu = 00:00:02 ; elapsed = 00:00:02 . Memory (MB): peak = 899.719 ; gain = 115.160
---------------------------------------------------------------------------------
---------------------------------------------------------------------------------
Finished RTL Optimization Phase 1 : Time (s): cpu = 00:00:02 ; elapsed = 00:00:02 . Memory (MB): peak = 899.719 ; gain = 115.160
---------------------------------------------------------------------------------
INFO: [Device 21-403] Loading part xc7a35tcpg236-1
INFO: [Project 1-570] Preparing netlist for logic optimization

Processing XDC Constraints
Initializing timing engine
Parsing XDC File [D:/BRUFACE/MA2/S02/advancedDigitalArchi/Ex/lab02/project_1/project_1.srcs/constrs_1/new/shiftRegConstrain.xdc]
Finished Parsing XDC File [D:/BRUFACE/MA2/S02/advancedDigitalArchi/Ex/lab02/project_1/project_1.srcs/constrs_1/new/shiftRegConstrain.xdc]
Completed Processing XDC Constraints

INFO: [Opt 31-138] Pushed 0 inverter(s) to 0 load pin(s).
Netlist sorting complete. Time (s): cpu = 00:00:00 ; elapsed = 00:00:00 . Memory (MB): peak = 1201.270 ; gain = 0.000
INFO: [Project 1-111] Unisim Transformation Summary:
No Unisim elements were transformed.

RTL Elaboration Complete:  : Time (s): cpu = 00:00:10 ; elapsed = 00:00:10 . Memory (MB): peak = 1270.176 ; gain = 485.617
6 Infos, 0 Warnings, 0 Critical Warnings and 0 Errors encountered.
synth_design completed successfully
synth_design: Time (s): cpu = 00:00:10 ; elapsed = 00:00:10 . Memory (MB): peak = 1270.176 ; gain = 485.617
reset_run synth_1
WARNING: [Vivado 12-1017] Problems encountered:
1. Failed to delete one or more files in run directory D:/BRUFACE/MA2/S02/advancedDigitalArchi/Ex/lab02/project_1/project_1.runs/synth_1

launch_runs synth_1 -jobs 4
[Thu May  2 21:21:26 2024] Launched synth_1...
Run output will be captured here: D:/BRUFACE/MA2/S02/advancedDigitalArchi/Ex/lab02/project_1/project_1.runs/synth_1/runme.log
close_design
open_run synth_1 -name synth_1
Design is defaulting to impl run constrset: constrs_1
Design is defaulting to synth run part: xc7a35tcpg236-1
INFO: [Project 1-479] Netlist was created with Vivado 2018.3
INFO: [Project 1-570] Preparing netlist for logic optimization
Parsing XDC File [D:/BRUFACE/MA2/S02/advancedDigitalArchi/Ex/lab02/project_1/project_1.srcs/constrs_1/new/shiftRegConstrain.xdc]
Finished Parsing XDC File [D:/BRUFACE/MA2/S02/advancedDigitalArchi/Ex/lab02/project_1/project_1.srcs/constrs_1/new/shiftRegConstrain.xdc]
INFO: [Opt 31-138] Pushed 0 inverter(s) to 0 load pin(s).
Netlist sorting complete. Time (s): cpu = 00:00:00 ; elapsed = 00:00:00 . Memory (MB): peak = 1277.902 ; gain = 0.000
INFO: [Project 1-111] Unisim Transformation Summary:
No Unisim elements were transformed.

report_power -name {power_1}
Command: report_power -name power_1
INFO: [Timing 38-35] Done setting XDC timing constraints.
Running Vector-less Activity Propagation...

Finished Running Vector-less Activity Propagation
1 Infos, 0 Warnings, 0 Critical Warnings and 0 Errors encountered.
report_power completed successfully
refresh_design
INFO: [Project 1-570] Preparing netlist for logic optimization
Parsing XDC File [D:/BRUFACE/MA2/S02/advancedDigitalArchi/Ex/lab02/project_1/project_1.srcs/constrs_1/new/shiftRegConstrain.xdc]
Finished Parsing XDC File [D:/BRUFACE/MA2/S02/advancedDigitalArchi/Ex/lab02/project_1/project_1.srcs/constrs_1/new/shiftRegConstrain.xdc]
INFO: [Opt 31-138] Pushed 0 inverter(s) to 0 load pin(s).
refresh_design: Time (s): cpu = 00:00:05 ; elapsed = 00:00:05 . Memory (MB): peak = 1978.930 ; gain = 67.102
report_timing_summary -delay_type min_max -report_unconstrained -check_timing_verbose -max_paths 10 -input_pins -routable_nets -name timing_1
INFO: [Timing 38-35] Done setting XDC timing constraints.
INFO: [Timing 38-91] UpdateTimingParams: Speed grade: -1, Delay Type: min_max.
INFO: [Timing 38-191] Multithreading enabled for timing update using a maximum of 2 CPUs
refresh_design
INFO: [Project 1-570] Preparing netlist for logic optimization
Parsing XDC File [D:/BRUFACE/MA2/S02/advancedDigitalArchi/Ex/lab02/project_1/project_1.srcs/constrs_1/new/shiftRegConstrain.xdc]
Finished Parsing XDC File [D:/BRUFACE/MA2/S02/advancedDigitalArchi/Ex/lab02/project_1/project_1.srcs/constrs_1/new/shiftRegConstrain.xdc]
INFO: [Opt 31-138] Pushed 0 inverter(s) to 0 load pin(s).
refresh_design: Time (s): cpu = 00:00:04 ; elapsed = 00:00:05 . Memory (MB): peak = 2191.676 ; gain = 0.000
report_timing_summary -delay_type min_max -report_unconstrained -check_timing_verbose -max_paths 10 -input_pins -routable_nets -name timing_1
INFO: [Timing 38-35] Done setting XDC timing constraints.
INFO: [Timing 38-91] UpdateTimingParams: Speed grade: -1, Delay Type: min_max.
INFO: [Timing 38-191] Multithreading enabled for timing update using a maximum of 2 CPUs
refresh_design
INFO: [Project 1-570] Preparing netlist for logic optimization
Parsing XDC File [D:/BRUFACE/MA2/S02/advancedDigitalArchi/Ex/lab02/project_1/project_1.srcs/constrs_1/new/shiftRegConstrain.xdc]
Finished Parsing XDC File [D:/BRUFACE/MA2/S02/advancedDigitalArchi/Ex/lab02/project_1/project_1.srcs/constrs_1/new/shiftRegConstrain.xdc]
INFO: [Opt 31-138] Pushed 0 inverter(s) to 0 load pin(s).
report_timing_summary -delay_type min_max -report_unconstrained -check_timing_verbose -max_paths 10 -input_pins -routable_nets -name timing_1
INFO: [Timing 38-35] Done setting XDC timing constraints.
INFO: [Timing 38-91] UpdateTimingParams: Speed grade: -1, Delay Type: min_max.
INFO: [Timing 38-191] Multithreading enabled for timing update using a maximum of 2 CPUs
refresh_design
INFO: [Project 1-570] Preparing netlist for logic optimization
Parsing XDC File [D:/BRUFACE/MA2/S02/advancedDigitalArchi/Ex/lab02/project_1/project_1.srcs/constrs_1/new/shiftRegConstrain.xdc]
Finished Parsing XDC File [D:/BRUFACE/MA2/S02/advancedDigitalArchi/Ex/lab02/project_1/project_1.srcs/constrs_1/new/shiftRegConstrain.xdc]
INFO: [Opt 31-138] Pushed 0 inverter(s) to 0 load pin(s).
report_timing_summary -delay_type min_max -report_unconstrained -check_timing_verbose -max_paths 10 -input_pins -routable_nets -name timing_1
INFO: [Timing 38-35] Done setting XDC timing constraints.
INFO: [Timing 38-91] UpdateTimingParams: Speed grade: -1, Delay Type: min_max.
INFO: [Timing 38-191] Multithreading enabled for timing update using a maximum of 2 CPUs
launch_simulation -mode post-synthesis -type timing
INFO: [Vivado 12-5682] Launching post-synthesis timing simulation in 'D:/BRUFACE/MA2/S02/advancedDigitalArchi/Ex/lab02/project_1/project_1.sim/sim_1/synth/timing/xsim'
INFO: [SIM-utils-51] Simulation object is 'sim_1'
INFO: [SIM-utils-24] Writing simulation netlist file for design 'synth_1'...
INFO: [SIM-utils-25] write_verilog -mode timesim -nolib -sdf_anno true -force -file "D:/BRUFACE/MA2/S02/advancedDigitalArchi/Ex/lab02/project_1/project_1.sim/sim_1/synth/timing/xsim/tb_shiftReg_time_synth.v"
INFO: [SIM-utils-27] Writing SDF file...
INFO: [SIM-utils-28] write_sdf -mode timesim -process_corner slow -force -file "D:/BRUFACE/MA2/S02/advancedDigitalArchi/Ex/lab02/project_1/project_1.sim/sim_1/synth/timing/xsim/tb_shiftReg_time_synth.sdf"
INFO: [SIM-utils-36] Netlist generated:D:/BRUFACE/MA2/S02/advancedDigitalArchi/Ex/lab02/project_1/project_1.sim/sim_1/synth/timing/xsim/tb_shiftReg_time_synth.v
INFO: [SIM-utils-37] SDF generated:D:/BRUFACE/MA2/S02/advancedDigitalArchi/Ex/lab02/project_1/project_1.sim/sim_1/synth/timing/xsim/tb_shiftReg_time_synth.sdf
INFO: [SIM-utils-54] Inspecting design source files for 'tb_shiftReg' in fileset 'sim_1'...
INFO: [USF-XSim-2] XSim::Compile design
INFO: [USF-XSim-61] Executing 'COMPILE and ANALYZE' step in 'D:/BRUFACE/MA2/S02/advancedDigitalArchi/Ex/lab02/project_1/project_1.sim/sim_1/synth/timing/xsim'
"xvlog --incr --relax -prj tb_shiftReg_vlog.prj"
INFO: [VRFC 10-2263] Analyzing Verilog file "D:/BRUFACE/MA2/S02/advancedDigitalArchi/Ex/lab02/project_1/project_1.sim/sim_1/synth/timing/xsim/tb_shiftReg_time_synth.v" into library xil_defaultlib
INFO: [VRFC 10-311] analyzing module shiftReg
INFO: [VRFC 10-311] analyzing module glbl
INFO: [VRFC 10-2263] Analyzing Verilog file "D:/BRUFACE/MA2/S02/advancedDigitalArchi/Ex/lab02/project_1/project_1.srcs/sim_1/new/tb_shiftReg.v" into library xil_defaultlib
INFO: [VRFC 10-311] analyzing module tb_shiftReg
INFO: [USF-XSim-69] 'compile' step finished in '1' seconds
INFO: [USF-XSim-3] XSim::Elaborate design
INFO: [USF-XSim-61] Executing 'ELABORATE' step in 'D:/BRUFACE/MA2/S02/advancedDigitalArchi/Ex/lab02/project_1/project_1.sim/sim_1/synth/timing/xsim'
Vivado Simulator 2018.3
Copyright 1986-1999, 2001-2018 Xilinx, Inc. All Rights Reserved.
Running: D:/Vivado2018/Vivado/2018.3/bin/unwrapped/win64.o/xelab.exe -wto c4a9ae52be5c4724a52bc73e53f0793b --incr --debug typical --relax --mt 2 --maxdelay -L xil_defaultlib -L simprims_ver -L secureip --snapshot tb_shiftReg_time_synth -transport_int_delays -pulse_r 0 -pulse_int_r 0 -pulse_e 0 -pulse_int_e 0 xil_defaultlib.tb_shiftReg xil_defaultlib.glbl -log elaborate.log 
Using 2 slave threads.
Starting static elaboration
Completed static elaboration
Starting simulation data flow analysis
Completed simulation data flow analysis
INFO: [XSIM 43-3451] SDF backannotation process started with SDF file "tb_shiftReg_time_synth.sdf", for root module "tb_shiftReg/shiftReg_test".
INFO: [XSIM 43-3452] SDF backannotation was successful for SDF file "tb_shiftReg_time_synth.sdf", for root module "tb_shiftReg/shiftReg_test".
Time Resolution for simulation is 1ps
Compiling module simprims_ver.IBUF
Compiling module simprims_ver.BUFG
Compiling module simprims_ver.LUT4
Compiling module simprims_ver.LUT5
Compiling module simprims_ver.x_lut2_mux4
Compiling module simprims_ver.LUT2
Compiling module simprims_ver.OBUF
Compiling module simprims_ver.FDRE_default
Compiling module xil_defaultlib.shiftReg
Compiling module xil_defaultlib.tb_shiftReg
Compiling module xil_defaultlib.glbl
Built simulation snapshot tb_shiftReg_time_synth

****** Webtalk v2018.3 (64-bit)
  **** SW Build 2405991 on Thu Dec  6 23:38:27 MST 2018
  **** IP Build 2404404 on Fri Dec  7 01:43:56 MST 2018
    ** Copyright 1986-2018 Xilinx, Inc. All Rights Reserved.

source D:/BRUFACE/MA2/S02/advancedDigitalArchi/Ex/lab02/project_1/project_1.sim/sim_1/synth/timing/xsim/xsim.dir/tb_shiftReg_time_synth/webtalk/xsim_webtalk.tcl -notrace
INFO: [Common 17-206] Exiting Webtalk at Thu May  2 21:35:01 2024...
INFO: [USF-XSim-69] 'elaborate' step finished in '3' seconds
INFO: [USF-XSim-4] XSim::Simulate design
INFO: [USF-XSim-61] Executing 'SIMULATE' step in 'D:/BRUFACE/MA2/S02/advancedDigitalArchi/Ex/lab02/project_1/project_1.sim/sim_1/synth/timing/xsim'
INFO: [USF-XSim-98] *** Running xsim
   with args "tb_shiftReg_time_synth -key {Post-Synthesis:sim_1:Timing:tb_shiftReg} -tclbatch {tb_shiftReg.tcl} -log {simulate.log}"
INFO: [USF-XSim-8] Loading simulator feature
Vivado Simulator 2018.3
Time resolution is 1 ps
source tb_shiftReg.tcl
# set curr_wave [current_wave_config]
# if { [string length $curr_wave] == 0 } {
#   if { [llength [get_objects]] > 0} {
#     add_wave /
#     set_property needs_save false [current_wave_config]
#   } else {
#      send_msg_id Add_Wave-1 WARNING "No top level signals found. Simulator will start without a wave window. If you want to open a wave window go to 'File->New Waveform Configuration' or type 'create_wave_config' in the TCL console."
#   }
# }
# run 1000ns
INFO: [USF-XSim-96] XSim completed. Design snapshot 'tb_shiftReg_time_synth' loaded.
INFO: [USF-XSim-97] XSim simulation ran for 1000ns
launch_simulation: Time (s): cpu = 00:00:01 ; elapsed = 00:00:06 . Memory (MB): peak = 2378.934 ; gain = 0.000
run 300 ns
reset_run synth_1
WARNING: [Vivado 12-1017] Problems encountered:
1. Failed to delete one or more files in run directory D:/BRUFACE/MA2/S02/advancedDigitalArchi/Ex/lab02/project_1/project_1.runs/synth_1

launch_runs impl_1 -jobs 4
WARNING: [Project 1-478] Design 'synth_1' is stale and will not be used when launching 'impl_1'
[Thu May  2 21:38:06 2024] Launched synth_1...
Run output will be captured here: D:/BRUFACE/MA2/S02/advancedDigitalArchi/Ex/lab02/project_1/project_1.runs/synth_1/runme.log
[Thu May  2 21:38:06 2024] Launched impl_1...
Run output will be captured here: D:/BRUFACE/MA2/S02/advancedDigitalArchi/Ex/lab02/project_1/project_1.runs/impl_1/runme.log
open_run impl_1
INFO: [Project 1-479] Netlist was created with Vivado 2018.3
INFO: [Project 1-570] Preparing netlist for logic optimization
INFO: [Timing 38-478] Restoring timing data from binary archive.
INFO: [Timing 38-479] Binary timing data restore complete.
INFO: [Project 1-856] Restoring constraints from binary archive.
INFO: [Project 1-853] Binary constraint restore complete.
Reading XDEF placement.
Reading placer database...
Reading XDEF routing.
Read XDEF File: Time (s): cpu = 00:00:00 ; elapsed = 00:00:00.050 . Memory (MB): peak = 2394.965 ; gain = 0.000
Restored from archive | CPU: 0.000000 secs | Memory: 0.000000 MB |
Finished XDEF File Restore: Time (s): cpu = 00:00:00 ; elapsed = 00:00:00.051 . Memory (MB): peak = 2394.965 ; gain = 0.000
Netlist sorting complete. Time (s): cpu = 00:00:00 ; elapsed = 00:00:00 . Memory (MB): peak = 2394.965 ; gain = 0.000
INFO: [Project 1-111] Unisim Transformation Summary:
No Unisim elements were transformed.

report_power -name {power_1}
Command: report_power -name power_1
Running Vector-less Activity Propagation...

Finished Running Vector-less Activity Propagation
0 Infos, 0 Warnings, 0 Critical Warnings and 0 Errors encountered.
report_power completed successfully
report_timing_summary -delay_type min_max -report_unconstrained -check_timing_verbose -max_paths 10 -input_pins -routable_nets -name timing_1
INFO: [Timing 38-91] UpdateTimingParams: Speed grade: -1, Delay Type: min_max.
INFO: [Timing 38-191] Multithreading enabled for timing update using a maximum of 2 CPUs
launch_simulation -mode post-implementation -type timing
INFO: [Vivado 12-5682] Launching post-implementation timing simulation in 'D:/BRUFACE/MA2/S02/advancedDigitalArchi/Ex/lab02/project_1/project_1.sim/sim_1/impl/timing/xsim'
INFO: [SIM-utils-51] Simulation object is 'sim_1'
INFO: [SIM-utils-31] Writing simulation netlist file for design 'impl_1'...
INFO: [SIM-utils-32] write_verilog -mode timesim -nolib -sdf_anno true -force -file "D:/BRUFACE/MA2/S02/advancedDigitalArchi/Ex/lab02/project_1/project_1.sim/sim_1/impl/timing/xsim/tb_shiftReg_time_impl.v"
INFO: [SIM-utils-34] Writing SDF file...
INFO: [SIM-utils-35] write_sdf -mode timesim -process_corner slow -force -file "D:/BRUFACE/MA2/S02/advancedDigitalArchi/Ex/lab02/project_1/project_1.sim/sim_1/impl/timing/xsim/tb_shiftReg_time_impl.sdf"
INFO: [SIM-utils-36] Netlist generated:D:/BRUFACE/MA2/S02/advancedDigitalArchi/Ex/lab02/project_1/project_1.sim/sim_1/impl/timing/xsim/tb_shiftReg_time_impl.v
INFO: [SIM-utils-37] SDF generated:D:/BRUFACE/MA2/S02/advancedDigitalArchi/Ex/lab02/project_1/project_1.sim/sim_1/impl/timing/xsim/tb_shiftReg_time_impl.sdf
INFO: [SIM-utils-54] Inspecting design source files for 'tb_shiftReg' in fileset 'sim_1'...
INFO: [USF-XSim-2] XSim::Compile design
INFO: [USF-XSim-61] Executing 'COMPILE and ANALYZE' step in 'D:/BRUFACE/MA2/S02/advancedDigitalArchi/Ex/lab02/project_1/project_1.sim/sim_1/impl/timing/xsim'
"xvlog --incr --relax -prj tb_shiftReg_vlog.prj"
INFO: [VRFC 10-2263] Analyzing Verilog file "D:/BRUFACE/MA2/S02/advancedDigitalArchi/Ex/lab02/project_1/project_1.sim/sim_1/impl/timing/xsim/tb_shiftReg_time_impl.v" into library xil_defaultlib
INFO: [VRFC 10-311] analyzing module shiftReg
INFO: [VRFC 10-311] analyzing module glbl
INFO: [VRFC 10-2263] Analyzing Verilog file "D:/BRUFACE/MA2/S02/advancedDigitalArchi/Ex/lab02/project_1/project_1.srcs/sim_1/new/tb_shiftReg.v" into library xil_defaultlib
INFO: [VRFC 10-311] analyzing module tb_shiftReg
INFO: [USF-XSim-69] 'compile' step finished in '1' seconds
INFO: [USF-XSim-3] XSim::Elaborate design
INFO: [USF-XSim-61] Executing 'ELABORATE' step in 'D:/BRUFACE/MA2/S02/advancedDigitalArchi/Ex/lab02/project_1/project_1.sim/sim_1/impl/timing/xsim'
Vivado Simulator 2018.3
Copyright 1986-1999, 2001-2018 Xilinx, Inc. All Rights Reserved.
Running: D:/Vivado2018/Vivado/2018.3/bin/unwrapped/win64.o/xelab.exe -wto c4a9ae52be5c4724a52bc73e53f0793b --incr --debug typical --relax --mt 2 --maxdelay -L xil_defaultlib -L simprims_ver -L secureip --snapshot tb_shiftReg_time_impl -transport_int_delays -pulse_r 0 -pulse_int_r 0 -pulse_e 0 -pulse_int_e 0 xil_defaultlib.tb_shiftReg xil_defaultlib.glbl -log elaborate.log 
Using 2 slave threads.
Starting static elaboration
Completed static elaboration
Starting simulation data flow analysis
Completed simulation data flow analysis
INFO: [XSIM 43-3451] SDF backannotation process started with SDF file "tb_shiftReg_time_impl.sdf", for root module "tb_shiftReg/shiftReg_test".
INFO: [XSIM 43-3452] SDF backannotation was successful for SDF file "tb_shiftReg_time_impl.sdf", for root module "tb_shiftReg/shiftReg_test".
Time Resolution for simulation is 1ps
Compiling module simprims_ver.IBUF
Compiling module simprims_ver.BUFG
Compiling module simprims_ver.LUT4
Compiling module simprims_ver.LUT5
Compiling module simprims_ver.x_lut2_mux4
Compiling module simprims_ver.LUT2
Compiling module simprims_ver.OBUF
Compiling module simprims_ver.FDRE_default
Compiling module xil_defaultlib.shiftReg
Compiling module xil_defaultlib.tb_shiftReg
Compiling module xil_defaultlib.glbl
Built simulation snapshot tb_shiftReg_time_impl

****** Webtalk v2018.3 (64-bit)
  **** SW Build 2405991 on Thu Dec  6 23:38:27 MST 2018
  **** IP Build 2404404 on Fri Dec  7 01:43:56 MST 2018
    ** Copyright 1986-2018 Xilinx, Inc. All Rights Reserved.

source D:/BRUFACE/MA2/S02/advancedDigitalArchi/Ex/lab02/project_1/project_1.sim/sim_1/impl/timing/xsim/xsim.dir/tb_shiftReg_time_impl/webtalk/xsim_webtalk.tcl -notrace
INFO: [Common 17-206] Exiting Webtalk at Thu May  2 21:47:59 2024...
INFO: [USF-XSim-69] 'elaborate' step finished in '3' seconds
INFO: [USF-XSim-4] XSim::Simulate design
INFO: [USF-XSim-61] Executing 'SIMULATE' step in 'D:/BRUFACE/MA2/S02/advancedDigitalArchi/Ex/lab02/project_1/project_1.sim/sim_1/impl/timing/xsim'
INFO: [USF-XSim-98] *** Running xsim
   with args "tb_shiftReg_time_impl -key {Post-Implementation:sim_1:Timing:tb_shiftReg} -tclbatch {tb_shiftReg.tcl} -log {simulate.log}"
INFO: [USF-XSim-8] Loading simulator feature
Vivado Simulator 2018.3
Time resolution is 1 ps
source tb_shiftReg.tcl
# set curr_wave [current_wave_config]
# if { [string length $curr_wave] == 0 } {
#   if { [llength [get_objects]] > 0} {
#     add_wave /
#     set_property needs_save false [current_wave_config]
#   } else {
#      send_msg_id Add_Wave-1 WARNING "No top level signals found. Simulator will start without a wave window. If you want to open a wave window go to 'File->New Waveform Configuration' or type 'create_wave_config' in the TCL console."
#   }
# }
# run 1000ns
INFO: [USF-XSim-96] XSim completed. Design snapshot 'tb_shiftReg_time_impl' loaded.
INFO: [USF-XSim-97] XSim simulation ran for 1000ns
launch_simulation: Time (s): cpu = 00:00:00 ; elapsed = 00:00:06 . Memory (MB): peak = 2622.207 ; gain = 12.109
run 300 ns
close_sim
INFO: [Simtcl 6-16] Simulation closed
current_sim simulation_2
close_sim
INFO: [Simtcl 6-16] Simulation closed
close_sim
INFO: [Simtcl 6-16] Simulation closed
exit
INFO: [Common 17-206] Exiting Vivado at Thu May  2 21:53:12 2024...
